
[Information] == [25/05/2021 09:41:27 AM]
Product -- Create-Post
System.NullReferenceException: Object reference not set to an instance of an object.
   at AdminWebShop.Areas.Admin.Controllers.ProductController.Create(tblProduct model, HttpPostedFileBase postedFile) in D:\OneDrive\Projects\CSharp\ASPFinal\AdminWebShop\Areas\Admin\Controllers\ProductController.cs:line 62


[Information] == [25/05/2021 09:49:15 AM]
Product -- Create-Post
System.NullReferenceException: Object reference not set to an instance of an object.
   at AdminWebShop.Areas.Admin.Controllers.ProductController.Create(tblProduct model, HttpPostedFileBase postedFile) in D:\OneDrive\Projects\CSharp\ASPFinal\AdminWebShop\Areas\Admin\Controllers\ProductController.cs:line 66


[Information] == [25/05/2021 10:38:22 AM]
Product -- Create-Post
System.IO.DirectoryNotFoundException: Could not find a part of the path 'D:\OneDrive\Projects\CSharp\ASPFinal\AdminWebShop\Images\'.
   at System.IO.__Error.WinIOError(Int32 errorCode, String maybeFullPath)
   at System.IO.FileStream.Init(String path, FileMode mode, FileAccess access, Int32 rights, Boolean useRights, FileShare share, Int32 bufferSize, FileOptions options, SECURITY_ATTRIBUTES secAttrs, String msgPath, Boolean bFromProxy, Boolean useLongPath, Boolean checkHost)
   at System.IO.FileStream..ctor(String path, FileMode mode, FileAccess access, FileShare share, Int32 bufferSize, FileOptions options, String msgPath, Boolean bFromProxy)
   at System.IO.FileStream..ctor(String path, FileMode mode)
   at System.Web.HttpPostedFile.SaveAs(String filename)
   at System.Web.HttpPostedFileWrapper.SaveAs(String filename)
   at AdminWebShop.Areas.Admin.Controllers.ProductController.Create(tblProduct model, HttpPostedFileBase postedFile) in D:\OneDrive\Projects\CSharp\ASPFinal\AdminWebShop\Areas\Admin\Controllers\ProductController.cs:line 67


[Information] == [25/05/2021 10:39:05 AM]
Product -- Create-Post
System.IO.DirectoryNotFoundException: Could not find a part of the path 'D:\OneDrive\Projects\CSharp\ASPFinal\AdminWebShop\Images\'.
   at System.IO.__Error.WinIOError(Int32 errorCode, String maybeFullPath)
   at System.IO.FileStream.Init(String path, FileMode mode, FileAccess access, Int32 rights, Boolean useRights, FileShare share, Int32 bufferSize, FileOptions options, SECURITY_ATTRIBUTES secAttrs, String msgPath, Boolean bFromProxy, Boolean useLongPath, Boolean checkHost)
   at System.IO.FileStream..ctor(String path, FileMode mode, FileAccess access, FileShare share, Int32 bufferSize, FileOptions options, String msgPath, Boolean bFromProxy)
   at System.IO.FileStream..ctor(String path, FileMode mode)
   at System.Web.HttpPostedFile.SaveAs(String filename)
   at System.Web.HttpPostedFileWrapper.SaveAs(String filename)
   at AdminWebShop.Areas.Admin.Controllers.ProductController.Create(tblProduct model, HttpPostedFileBase postedFile) in D:\OneDrive\Projects\CSharp\ASPFinal\AdminWebShop\Areas\Admin\Controllers\ProductController.cs:line 67


[Information] == [25/05/2021 10:40:45 AM]
Product -- Create-Post
System.IO.DirectoryNotFoundException: Could not find a part of the path 'D:\OneDrive\Projects\CSharp\ASPFinal\AdminWebShop\Images\'.
   at System.IO.__Error.WinIOError(Int32 errorCode, String maybeFullPath)
   at System.IO.FileStream.Init(String path, FileMode mode, FileAccess access, Int32 rights, Boolean useRights, FileShare share, Int32 bufferSize, FileOptions options, SECURITY_ATTRIBUTES secAttrs, String msgPath, Boolean bFromProxy, Boolean useLongPath, Boolean checkHost)
   at System.IO.FileStream..ctor(String path, FileMode mode, FileAccess access, FileShare share, Int32 bufferSize, FileOptions options, String msgPath, Boolean bFromProxy)
   at System.IO.FileStream..ctor(String path, FileMode mode)
   at System.Web.HttpPostedFile.SaveAs(String filename)
   at System.Web.HttpPostedFileWrapper.SaveAs(String filename)
   at AdminWebShop.Areas.Admin.Controllers.ProductController.Create(tblProduct model, HttpPostedFileBase postedFile) in D:\OneDrive\Projects\CSharp\ASPFinal\AdminWebShop\Areas\Admin\Controllers\ProductController.cs:line 67


[Information] == [25/05/2021 10:48:27 AM]
Product -- Create-Post
System.IO.DirectoryNotFoundException: Could not find a part of the path 'D:\OneDrive\Projects\CSharp\ASPFinal\AdminWebShop\Images\'.
   at System.IO.__Error.WinIOError(Int32 errorCode, String maybeFullPath)
   at System.IO.FileStream.Init(String path, FileMode mode, FileAccess access, Int32 rights, Boolean useRights, FileShare share, Int32 bufferSize, FileOptions options, SECURITY_ATTRIBUTES secAttrs, String msgPath, Boolean bFromProxy, Boolean useLongPath, Boolean checkHost)
   at System.IO.FileStream..ctor(String path, FileMode mode, FileAccess access, FileShare share, Int32 bufferSize, FileOptions options, String msgPath, Boolean bFromProxy)
   at System.IO.FileStream..ctor(String path, FileMode mode)
   at System.Web.HttpPostedFile.SaveAs(String filename)
   at System.Web.HttpPostedFileWrapper.SaveAs(String filename)
   at AdminWebShop.Areas.Admin.Controllers.ProductController.Create(tblProduct model, HttpPostedFileBase postedFile) in D:\OneDrive\Projects\CSharp\ASPFinal\AdminWebShop\Areas\Admin\Controllers\ProductController.cs:line 67


[Information] == [25/05/2021 04:28:02 PM]
Product -- Create-Post
System.IO.DirectoryNotFoundException: Could not find a part of the path 'D:\OneDrive\Projects\CSharp\ASPFinal\AdminWebShop\Images\'.
   at System.IO.__Error.WinIOError(Int32 errorCode, String maybeFullPath)
   at System.IO.FileStream.Init(String path, FileMode mode, FileAccess access, Int32 rights, Boolean useRights, FileShare share, Int32 bufferSize, FileOptions options, SECURITY_ATTRIBUTES secAttrs, String msgPath, Boolean bFromProxy, Boolean useLongPath, Boolean checkHost)
   at System.IO.FileStream..ctor(String path, FileMode mode, FileAccess access, FileShare share, Int32 bufferSize, FileOptions options, String msgPath, Boolean bFromProxy)
   at System.IO.FileStream..ctor(String path, FileMode mode)
   at System.Web.HttpPostedFile.SaveAs(String filename)
   at System.Web.HttpPostedFileWrapper.SaveAs(String filename)
   at AdminWebShop.Areas.Admin.Controllers.ProductController.Create(tblProduct model, HttpPostedFileBase postedFile) in D:\OneDrive\Projects\CSharp\ASPFinal\AdminWebShop\Areas\Admin\Controllers\ProductController.cs:line 73


[Information] == [25/05/2021 04:30:47 PM]
Product -- Create-Post
System.IO.DirectoryNotFoundException: Could not find a part of the path 'D:\OneDrive\Projects\CSharp\ASPFinal\AdminWebShop\Images\'.
   at System.IO.__Error.WinIOError(Int32 errorCode, String maybeFullPath)
   at System.IO.FileStream.Init(String path, FileMode mode, FileAccess access, Int32 rights, Boolean useRights, FileShare share, Int32 bufferSize, FileOptions options, SECURITY_ATTRIBUTES secAttrs, String msgPath, Boolean bFromProxy, Boolean useLongPath, Boolean checkHost)
   at System.IO.FileStream..ctor(String path, FileMode mode, FileAccess access, FileShare share, Int32 bufferSize, FileOptions options, String msgPath, Boolean bFromProxy)
   at System.IO.FileStream..ctor(String path, FileMode mode)
   at System.Web.HttpPostedFile.SaveAs(String filename)
   at System.Web.HttpPostedFileWrapper.SaveAs(String filename)
   at AdminWebShop.Areas.Admin.Controllers.ProductController.Create(tblProduct model, HttpPostedFileBase postedFile) in D:\OneDrive\Projects\CSharp\ASPFinal\AdminWebShop\Areas\Admin\Controllers\ProductController.cs:line 73


[Information] == [25/05/2021 04:32:18 PM]
Product -- Create-Post
System.IO.DirectoryNotFoundException: Could not find a part of the path 'D:\OneDrive\Projects\CSharp\ASPFinal\AdminWebShop\Images\'.
   at System.IO.__Error.WinIOError(Int32 errorCode, String maybeFullPath)
   at System.IO.FileStream.Init(String path, FileMode mode, FileAccess access, Int32 rights, Boolean useRights, FileShare share, Int32 bufferSize, FileOptions options, SECURITY_ATTRIBUTES secAttrs, String msgPath, Boolean bFromProxy, Boolean useLongPath, Boolean checkHost)
   at System.IO.FileStream..ctor(String path, FileMode mode, FileAccess access, FileShare share, Int32 bufferSize, FileOptions options, String msgPath, Boolean bFromProxy)
   at System.IO.FileStream..ctor(String path, FileMode mode)
   at System.Web.HttpPostedFile.SaveAs(String filename)
   at System.Web.HttpPostedFileWrapper.SaveAs(String filename)
   at AdminWebShop.Areas.Admin.Controllers.ProductController.Create(tblProduct model, HttpPostedFileBase postedFile) in D:\OneDrive\Projects\CSharp\ASPFinal\AdminWebShop\Areas\Admin\Controllers\ProductController.cs:line 73


[Information] == [25/05/2021 04:33:51 PM]
Product -- Create-Post
System.IO.DirectoryNotFoundException: Could not find a part of the path 'D:\OneDrive\Projects\CSharp\ASPFinal\AdminWebShop\Images\'.
   at System.IO.__Error.WinIOError(Int32 errorCode, String maybeFullPath)
   at System.IO.FileStream.Init(String path, FileMode mode, FileAccess access, Int32 rights, Boolean useRights, FileShare share, Int32 bufferSize, FileOptions options, SECURITY_ATTRIBUTES secAttrs, String msgPath, Boolean bFromProxy, Boolean useLongPath, Boolean checkHost)
   at System.IO.FileStream..ctor(String path, FileMode mode, FileAccess access, FileShare share, Int32 bufferSize, FileOptions options, String msgPath, Boolean bFromProxy)
   at System.IO.FileStream..ctor(String path, FileMode mode)
   at System.Web.HttpPostedFile.SaveAs(String filename)
   at System.Web.HttpPostedFileWrapper.SaveAs(String filename)
   at AdminWebShop.Areas.Admin.Controllers.ProductController.Create(tblProduct model, HttpPostedFileBase postedFile) in D:\OneDrive\Projects\CSharp\ASPFinal\AdminWebShop\Areas\Admin\Controllers\ProductController.cs:line 73


[Information] == [25/05/2021 04:35:06 PM]
Product -- Create-Post
System.IO.DirectoryNotFoundException: Could not find a part of the path 'D:\OneDrive\Projects\CSharp\ASPFinal\AdminWebShop\Images\'.
   at System.IO.__Error.WinIOError(Int32 errorCode, String maybeFullPath)
   at System.IO.FileStream.Init(String path, FileMode mode, FileAccess access, Int32 rights, Boolean useRights, FileShare share, Int32 bufferSize, FileOptions options, SECURITY_ATTRIBUTES secAttrs, String msgPath, Boolean bFromProxy, Boolean useLongPath, Boolean checkHost)
   at System.IO.FileStream..ctor(String path, FileMode mode, FileAccess access, FileShare share, Int32 bufferSize, FileOptions options, String msgPath, Boolean bFromProxy)
   at System.IO.FileStream..ctor(String path, FileMode mode)
   at System.Web.HttpPostedFile.SaveAs(String filename)
   at System.Web.HttpPostedFileWrapper.SaveAs(String filename)
   at AdminWebShop.Areas.Admin.Controllers.ProductController.Create(tblProduct model, HttpPostedFileBase postedFile) in D:\OneDrive\Projects\CSharp\ASPFinal\AdminWebShop\Areas\Admin\Controllers\ProductController.cs:line 73


[Information] == [25/05/2021 04:40:40 PM]
Product -- Create-Post
System.Web.HttpException (0x80004005): 'https:/lh3.googleusercontent.com/XOyZxluqm-sfyMkT2BGM2eDnUMMmcjPC6xmWynaIIUcPM0w1Y1kFckyedveJ7E37Bia-8Bu4wN6XCeTCmZQ=w500-rw' is not a valid virtual path.
   at System.Web.Util.UrlPath.CheckValidVirtualPath(String path)
   at System.Web.Util.UrlPath.Combine(String appPath, String basepath, String relative)
   at System.Web.VirtualPath.Combine(VirtualPath relativePath)
   at System.Web.HttpRequest.MapPath(VirtualPath virtualPath, VirtualPath baseVirtualDir, Boolean allowCrossAppMapping)
   at System.Web.HttpRequest.MapPath(VirtualPath virtualPath)
   at System.Web.HttpRequestWrapper.MapPath(String virtualPath)
   at AdminWebShop.Areas.Admin.Controllers.ProductController.DeleteImg(String pathName) in D:\OneDrive\Projects\CSharp\ASPFinal\AdminWebShop\Areas\Admin\Controllers\ProductController.cs:line 115
   at AdminWebShop.Areas.Admin.Controllers.ProductController.Create(tblProduct model, HttpPostedFileBase postedFile) in D:\OneDrive\Projects\CSharp\ASPFinal\AdminWebShop\Areas\Admin\Controllers\ProductController.cs:line 75


[Information] == [25/05/2021 04:42:51 PM]
Product -- Create-Post
System.Web.HttpException (0x80004005): 'https:/lh3.googleusercontent.com/XOyZxluqm-sfyMkT2BGM2eDnUMMmcjPC6xmWynaIIUcPM0w1Y1kFckyedveJ7E37Bia-8Bu4wN6XCeTCmZQ=w500-rw' is not a valid virtual path.
   at System.Web.Util.UrlPath.CheckValidVirtualPath(String path)
   at System.Web.Util.UrlPath.Combine(String appPath, String basepath, String relative)
   at System.Web.VirtualPath.Combine(VirtualPath relativePath)
   at System.Web.HttpRequest.MapPath(VirtualPath virtualPath, VirtualPath baseVirtualDir, Boolean allowCrossAppMapping)
   at System.Web.HttpRequest.MapPath(VirtualPath virtualPath)
   at System.Web.HttpRequestWrapper.MapPath(String virtualPath)
   at AdminWebShop.Areas.Admin.Controllers.ProductController.DeleteImg(String pathName) in D:\OneDrive\Projects\CSharp\ASPFinal\AdminWebShop\Areas\Admin\Controllers\ProductController.cs:line 115
   at AdminWebShop.Areas.Admin.Controllers.ProductController.Create(tblProduct model, HttpPostedFileBase postedFile) in D:\OneDrive\Projects\CSharp\ASPFinal\AdminWebShop\Areas\Admin\Controllers\ProductController.cs:line 75


[Information] == [25/05/2021 04:48:47 PM]
Product -- Create-Post
System.Web.HttpException (0x80004005): 'https:/lh3.googleusercontent.com/DF4ahxChMtGsJA-EpTo4NE1Zte8xqNM6saYj-xk1mFygnGCVj_wC7v7g4QRVas_o-JOGKGZWOqrxdR3kCxI=w500-rw' is not a valid virtual path.
   at System.Web.Util.UrlPath.CheckValidVirtualPath(String path)
   at System.Web.Util.UrlPath.Combine(String appPath, String basepath, String relative)
   at System.Web.VirtualPath.Combine(VirtualPath relativePath)
   at System.Web.HttpRequest.MapPath(VirtualPath virtualPath, VirtualPath baseVirtualDir, Boolean allowCrossAppMapping)
   at System.Web.HttpRequest.MapPath(VirtualPath virtualPath)
   at System.Web.HttpRequestWrapper.MapPath(String virtualPath)
   at AdminWebShop.Areas.Admin.Controllers.ProductController.DeleteImg(String pathName) in D:\OneDrive\Projects\CSharp\ASPFinal\AdminWebShop\Areas\Admin\Controllers\ProductController.cs:line 117
   at AdminWebShop.Areas.Admin.Controllers.ProductController.Create(tblProduct model, HttpPostedFileBase postedFile) in D:\OneDrive\Projects\CSharp\ASPFinal\AdminWebShop\Areas\Admin\Controllers\ProductController.cs:line 75


[Information] == [25/05/2021 04:49:16 PM]
Product -- Create-Post
System.Web.HttpException (0x80004005): 'https:/lh3.googleusercontent.com/DF4ahxChMtGsJA-EpTo4NE1Zte8xqNM6saYj-xk1mFygnGCVj_wC7v7g4QRVas_o-JOGKGZWOqrxdR3kCxI=w500-rw' is not a valid virtual path.
   at System.Web.Util.UrlPath.CheckValidVirtualPath(String path)
   at System.Web.Util.UrlPath.Combine(String appPath, String basepath, String relative)
   at System.Web.VirtualPath.Combine(VirtualPath relativePath)
   at System.Web.HttpRequest.MapPath(VirtualPath virtualPath, VirtualPath baseVirtualDir, Boolean allowCrossAppMapping)
   at System.Web.HttpRequest.MapPath(VirtualPath virtualPath)
   at System.Web.HttpRequestWrapper.MapPath(String virtualPath)
   at AdminWebShop.Areas.Admin.Controllers.ProductController.DeleteImg(String pathName) in D:\OneDrive\Projects\CSharp\ASPFinal\AdminWebShop\Areas\Admin\Controllers\ProductController.cs:line 117
   at AdminWebShop.Areas.Admin.Controllers.ProductController.Create(tblProduct model, HttpPostedFileBase postedFile) in D:\OneDrive\Projects\CSharp\ASPFinal\AdminWebShop\Areas\Admin\Controllers\ProductController.cs:line 75


[Information] == [25/05/2021 04:56:45 PM]
Product -- Create-Post
System.NullReferenceException: Object reference not set to an instance of an object.
   at AdminWebShop.Areas.Admin.Controllers.ProductController.DeleteImg(String pathName) in D:\OneDrive\Projects\CSharp\ASPFinal\AdminWebShop\Areas\Admin\Controllers\ProductController.cs:line 115
   at AdminWebShop.Areas.Admin.Controllers.ProductController.Create(tblProduct model, HttpPostedFileBase postedFile) in D:\OneDrive\Projects\CSharp\ASPFinal\AdminWebShop\Areas\Admin\Controllers\ProductController.cs:line 75

